<?xml version="1.0" encoding="UTF-8"?>
<!-- Generated by org.testng.reporters.JUnitXMLReporter -->
<testsuite ignored="0" hostname="s4-personal" failures="0" tests="3" name="Default test" time="34.519" errors="0" timestamp="2023-04-25T12:13:25 EDT">
  <testcase classname="testLayer.LoginTest" name="login" time="0.176"/>
  <testcase classname="testLayer.LoginTest" name="login" time="0.17"/>
  <testcase classname="testLayer.LoginTest" name="login" time="0.166"/>
</testsuite> <!-- Default test -->
