<?xml version="1.0" encoding="UTF-8"?>
<testng-results ignored="0" total="3" passed="3" failed="0" skipped="0">
  <reporter-output>
  </reporter-output>
  <suite started-at="2023-04-25T12:46:10 EDT" name="OrangeHRM" finished-at="2023-04-25T12:47:03 EDT" duration-ms="52608">
    <groups>
    </groups>
    <test started-at="2023-04-25T12:46:10 EDT" name="TestNG" finished-at="2023-04-25T12:47:03 EDT" duration-ms="52608">
      <class name="testLayer.LoginTest">
        <test-method is-config="true" signature="initsetup()[pri:0, instance:testLayer.LoginTest@5c33f1a9]" started-at="2023-04-25T12:46:12 EDT" name="initsetup" finished-at="2023-04-25T12:46:34 EDT" duration-ms="22075" status="PASS">
          <reporter-output>
          </reporter-output>
        </test-method> <!-- initsetup -->
        <test-method signature="login(java.lang.String,java.lang.String)[pri:0, instance:testLayer.LoginTest@5c33f1a9]" started-at="2023-04-25T12:46:34 EDT" name="login" data-provider="information" finished-at="2023-04-25T12:46:34 EDT" duration-ms="169" status="PASS">
          <params>
            <param index="0">
              <value>
                <![CDATA[Admin]]>
              </value>
            </param>
            <param index="1">
              <value>
                <![CDATA[admin123]]>
              </value>
            </param>
          </params>
          <reporter-output>
          </reporter-output>
        </test-method> <!-- login -->
        <test-method is-config="true" signature="close()[pri:0, instance:testLayer.LoginTest@5c33f1a9]" started-at="2023-04-25T12:46:34 EDT" name="close" finished-at="2023-04-25T12:46:36 EDT" duration-ms="1968" status="PASS">
          <reporter-output>
          </reporter-output>
        </test-method> <!-- close -->
        <test-method is-config="true" signature="initsetup()[pri:0, instance:testLayer.LoginTest@5c33f1a9]" started-at="2023-04-25T12:46:36 EDT" name="initsetup" finished-at="2023-04-25T12:46:49 EDT" duration-ms="13744" status="PASS">
          <reporter-output>
          </reporter-output>
        </test-method> <!-- initsetup -->
        <test-method signature="login(java.lang.String,java.lang.String)[pri:0, instance:testLayer.LoginTest@5c33f1a9]" started-at="2023-04-25T12:46:49 EDT" name="login" data-provider="information" finished-at="2023-04-25T12:46:50 EDT" duration-ms="163" status="PASS">
          <params>
            <param index="0">
              <value>
                <![CDATA[scott]]>
              </value>
            </param>
            <param index="1">
              <value>
                <![CDATA[abcd]]>
              </value>
            </param>
          </params>
          <reporter-output>
          </reporter-output>
        </test-method> <!-- login -->
        <test-method is-config="true" signature="close()[pri:0, instance:testLayer.LoginTest@5c33f1a9]" started-at="2023-04-25T12:46:50 EDT" name="close" finished-at="2023-04-25T12:46:53 EDT" duration-ms="2864" status="PASS">
          <reporter-output>
          </reporter-output>
        </test-method> <!-- close -->
        <test-method is-config="true" signature="initsetup()[pri:0, instance:testLayer.LoginTest@5c33f1a9]" started-at="2023-04-25T12:46:53 EDT" name="initsetup" finished-at="2023-04-25T12:47:03 EDT" duration-ms="10083" status="PASS">
          <reporter-output>
          </reporter-output>
        </test-method> <!-- initsetup -->
        <test-method signature="login(java.lang.String,java.lang.String)[pri:0, instance:testLayer.LoginTest@5c33f1a9]" started-at="2023-04-25T12:47:03 EDT" name="login" data-provider="information" finished-at="2023-04-25T12:47:03 EDT" duration-ms="145" status="PASS">
          <params>
            <param index="0">
              <value>
                <![CDATA[test]]>
              </value>
            </param>
            <param index="1">
              <value>
                <![CDATA[test]]>
              </value>
            </param>
          </params>
          <reporter-output>
          </reporter-output>
        </test-method> <!-- login -->
        <test-method is-config="true" signature="close()[pri:0, instance:testLayer.LoginTest@5c33f1a9]" started-at="2023-04-25T12:47:03 EDT" name="close" finished-at="2023-04-25T12:47:03 EDT" duration-ms="220" status="PASS">
          <reporter-output>
          </reporter-output>
        </test-method> <!-- close -->
      </class> <!-- testLayer.LoginTest -->
    </test> <!-- TestNG -->
  </suite> <!-- OrangeHRM -->
</testng-results>
